# JRE version: Java(TM) SE Runtime Environment (7.0_71-b14) (build 1.7.0_71-b14)
# Java VM: Java HotSpot(TM) 64-Bit Server VM (24.71-b01 mixed mode bsd-amd64 compressed oops)
Heap
 PSYoungGen      total 230912K, used 49483K [0x00000007f0000000, 0x0000000800000000, 0x0000000800000000)
  eden space 200704K, 13% used [0x00000007f0000000,0x00000007f1b5a778,0x00000007fc400000)
  from space 30208K, 71% used [0x00000007fe280000,0x00000007ff778870,0x0000000800000000)
  to   space 30720K, 0% used [0x00000007fc400000,0x00000007fc400000,0x00000007fe200000)
 ParOldGen       total 203264K, used 123093K [0x00000007d0000000, 0x00000007dc680000, 0x00000007f0000000)
  object space 203264K, 60% used [0x00000007d0000000,0x00000007d7835598,0x00000007dc680000)
 PSPermGen       total 121856K, used 92567K [0x00000007c0000000, 0x00000007c7700000, 0x00000007d0000000)
  object space 121856K, 75% used [0x00000007c0000000,0x00000007c5a65cd8,0x00000007c7700000)
GC Heap History (10 events):
Event: 6945.855 GC heap before
{Heap before GC invocations=146 (full 4):
 PSYoungGen      total 205312K, used 200361K [0x00000007f0000000, 0x00000007ff480000, 0x0000000800000000)
  eden space 180224K, 100% used [0x00000007f0000000,0x00000007fb000000,0x00000007fb000000)
  from space 25088K, 80% used [0x00000007fb000000,0x00000007fc3aa548,0x00000007fc880000)
  to   space 26112K, 0% used [0x00000007fdb00000,0x00000007fdb00000,0x00000007ff480000)
 ParOldGen       total 203264K, used 119305K [0x00000007d0000000, 0x00000007dc680000, 0x00000007f0000000)
  object space 203264K, 58% used [0x00000007d0000000,0x00000007d7482548,0x00000007dc680000)
 PSPermGen       total 121856K, used 90294K [0x00000007c0000000, 0x00000007c7700000, 0x00000007d0000000)
  object space 121856K, 74% used [0x00000007c0000000,0x00000007c582db30,0x00000007c7700000)
Event: 6945.935 GC heap after
Heap after GC invocations=146 (full 4):
 PSYoungGen      total 221696K, used 21177K [0x00000007f0000000, 0x00000007ff500000, 0x0000000800000000)
  eden space 195584K, 0% used [0x00000007f0000000,0x00000007f0000000,0x00000007fbf00000)
  from space 26112K, 81% used [0x00000007fdb00000,0x00000007fefae470,0x00000007ff480000)
  to   space 27648K, 0% used [0x00000007fbf00000,0x00000007fbf00000,0x00000007fda00000)
 ParOldGen       total 203264K, used 120301K [0x00000007d0000000, 0x00000007dc680000, 0x00000007f0000000)
  object space 203264K, 59% used [0x00000007d0000000,0x00000007d757b558,0x00000007dc680000)
 PSPermGen       total 121856K, used 90294K [0x00000007c0000000, 0x00000007c7700000, 0x00000007d0000000)
  object space 121856K, 74% used [0x00000007c0000000,0x00000007c582db30,0x00000007c7700000)
}
Event: 6975.359 GC heap before
{Heap before GC invocations=147 (full 4):
 PSYoungGen      total 221696K, used 216761K [0x00000007f0000000, 0x00000007ff500000, 0x0000000800000000)
  eden space 195584K, 100% used [0x00000007f0000000,0x00000007fbf00000,0x00000007fbf00000)
  from space 26112K, 81% used [0x00000007fdb00000,0x00000007fefae470,0x00000007ff480000)
  to   space 27648K, 0% used [0x00000007fbf00000,0x00000007fbf00000,0x00000007fda00000)
 ParOldGen       total 203264K, used 120301K [0x00000007d0000000, 0x00000007dc680000, 0x00000007f0000000)
  object space 203264K, 59% used [0x00000007d0000000,0x00000007d757b558,0x00000007dc680000)
 PSPermGen       total 121856K, used 91321K [0x00000007c0000000, 0x00000007c7700000, 0x00000007d0000000)
  object space 121856K, 74% used [0x00000007c0000000,0x00000007c592e750,0x00000007c7700000)
Event: 6975.415 GC heap after
Heap after GC invocations=147 (full 4):
 PSYoungGen      total 223232K, used 23011K [0x00000007f0000000, 0x0000000800000000, 0x0000000800000000)
  eden space 195584K, 0% used [0x00000007f0000000,0x00000007f0000000,0x00000007fbf00000)
  from space 27648K, 83% used [0x00000007fbf00000,0x00000007fd578d28,0x00000007fda00000)
  to   space 29184K, 0% used [0x00000007fe380000,0x00000007fe380000,0x0000000800000000)
 ParOldGen       total 203264K, used 122373K [0x00000007d0000000, 0x00000007dc680000, 0x00000007f0000000)
  object space 203264K, 60% used [0x00000007d0000000,0x00000007d7781558,0x00000007dc680000)
 PSPermGen       total 121856K, used 91321K [0x00000007c0000000, 0x00000007c7700000, 0x00000007d0000000)
  object space 121856K, 74% used [0x00000007c0000000,0x00000007c592e750,0x00000007c7700000)
}
Event: 7112.732 GC heap before
{Heap before GC invocations=148 (full 4):
 PSYoungGen      total 223232K, used 218595K [0x00000007f0000000, 0x0000000800000000, 0x0000000800000000)
  eden space 195584K, 100% used [0x00000007f0000000,0x00000007fbf00000,0x00000007fbf00000)
  from space 27648K, 83% used [0x00000007fbf00000,0x00000007fd578d28,0x00000007fda00000)
  to   space 29184K, 0% used [0x00000007fe380000,0x00000007fe380000,0x0000000800000000)
 ParOldGen       total 203264K, used 122373K [0x00000007d0000000, 0x00000007dc680000, 0x00000007f0000000)
  object space 203264K, 60% used [0x00000007d0000000,0x00000007d7781558,0x00000007dc680000)
 PSPermGen       total 121856K, used 91883K [0x00000007c0000000, 0x00000007c7700000, 0x00000007d0000000)
  object space 121856K, 75% used [0x00000007c0000000,0x00000007c59bad78,0x00000007c7700000)
Event: 7112.770 GC heap after
Heap after GC invocations=148 (full 4):
 PSYoungGen      total 231936K, used 20499K [0x00000007f0000000, 0x0000000800000000, 0x0000000800000000)
  eden space 202752K, 0% used [0x00000007f0000000,0x00000007f0000000,0x00000007fc600000)
  from space 29184K, 70% used [0x00000007fe380000,0x00000007ff784c58,0x0000000800000000)
  to   space 29696K, 0% used [0x00000007fc600000,0x00000007fc600000,0x00000007fe300000)
 ParOldGen       total 203264K, used 122869K [0x00000007d0000000, 0x00000007dc680000, 0x00000007f0000000)
  object space 203264K, 60% used [0x00000007d0000000,0x00000007d77fd598,0x00000007dc680000)
 PSPermGen       total 121856K, used 91883K [0x00000007c0000000, 0x00000007c7700000, 0x00000007d0000000)
  object space 121856K, 75% used [0x00000007c0000000,0x00000007c59bad78,0x00000007c7700000)
}
Event: 7128.046 GC heap before
{Heap before GC invocations=149 (full 4):
 PSYoungGen      total 231936K, used 223251K [0x00000007f0000000, 0x0000000800000000, 0x0000000800000000)
  eden space 202752K, 100% used [0x00000007f0000000,0x00000007fc600000,0x00000007fc600000)
  from space 29184K, 70% used [0x00000007fe380000,0x00000007ff784c58,0x0000000800000000)
  to   space 29696K, 0% used [0x00000007fc600000,0x00000007fc600000,0x00000007fe300000)
 ParOldGen       total 203264K, used 122869K [0x00000007d0000000, 0x00000007dc680000, 0x00000007f0000000)
  object space 203264K, 60% used [0x00000007d0000000,0x00000007d77fd598,0x00000007dc680000)
 PSPermGen       total 121856K, used 92257K [0x00000007c0000000, 0x00000007c7700000, 0x00000007d0000000)
  object space 121856K, 75% used [0x00000007c0000000,0x00000007c5a18548,0x00000007c7700000)
Event: 7128.085 GC heap after
Heap after GC invocations=149 (full 4):
 PSYoungGen      total 225280K, used 22134K [0x00000007f0000000, 0x0000000800000000, 0x0000000800000000)
  eden space 202752K, 0% used [0x00000007f0000000,0x00000007f0000000,0x00000007fc600000)
  from space 22528K, 98% used [0x00000007fc600000,0x00000007fdb9da40,0x00000007fdc00000)
  to   space 30208K, 0% used [0x00000007fe280000,0x00000007fe280000,0x0000000800000000)
 ParOldGen       total 203264K, used 122989K [0x00000007d0000000, 0x00000007dc680000, 0x00000007f0000000)
  object space 203264K, 60% used [0x00000007d0000000,0x00000007d781b598,0x00000007dc680000)
 PSPermGen       total 121856K, used 92257K [0x00000007c0000000, 0x00000007c7700000, 0x00000007d0000000)
  object space 121856K, 75% used [0x00000007c0000000,0x00000007c5a18548,0x00000007c7700000)
}
Event: 7224.367 GC heap before
{Heap before GC invocations=150 (full 4):
 PSYoungGen      total 225280K, used 224886K [0x00000007f0000000, 0x0000000800000000, 0x0000000800000000)
  eden space 202752K, 100% used [0x00000007f0000000,0x00000007fc600000,0x00000007fc600000)
  from space 22528K, 98% used [0x00000007fc600000,0x00000007fdb9da40,0x00000007fdc00000)
  to   space 30208K, 0% used [0x00000007fe280000,0x00000007fe280000,0x0000000800000000)
 ParOldGen       total 203264K, used 122989K [0x00000007d0000000, 0x00000007dc680000, 0x00000007f0000000)
  object space 203264K, 60% used [0x00000007d0000000,0x00000007d781b598,0x00000007dc680000)
 PSPermGen       total 121856K, used 92305K [0x00000007c0000000, 0x00000007c7700000, 0x00000007d0000000)
  object space 121856K, 75% used [0x00000007c0000000,0x00000007c5a24798,0x00000007c7700000)
Event: 7224.403 GC heap after
Heap after GC invocations=150 (full 4):
 PSYoungGen      total 230912K, used 21474K [0x00000007f0000000, 0x0000000800000000, 0x0000000800000000)
  eden space 200704K, 0% used [0x00000007f0000000,0x00000007f0000000,0x00000007fc400000)
  from space 30208K, 71% used [0x00000007fe280000,0x00000007ff778870,0x0000000800000000)
  to   space 30720K, 0% used [0x00000007fc400000,0x00000007fc400000,0x00000007fe200000)
 ParOldGen       total 203264K, used 123093K [0x00000007d0000000, 0x00000007dc680000, 0x00000007f0000000)
  object space 203264K, 60% used [0x00000007d0000000,0x00000007d7835598,0x00000007dc680000)
 PSPermGen       total 121856K, used 92305K [0x00000007c0000000, 0x00000007c7700000, 0x00000007d0000000)
  object space 121856K, 75% used [0x00000007c0000000,0x00000007c5a24798,0x00000007c7700000)
}

